0 info it worked if it ends with ok
1 verbose cli [ 'C:\\Program Files (x86)\\nodejs\\\\node.exe',
1 verbose cli   'C:\\Program Files (x86)\\nodejs\\node_modules\\npm\\bin\\npm-cli.js',
1 verbose cli   'install',
1 verbose cli   '-g',
1 verbose cli   'typescript' ]
2 info using npm@2.8.3
3 info using node@v0.10.32
4 verbose node symlink C:\Program Files (x86)\nodejs\\node.exe
5 verbose install initial load of C:\Program Files (x86)\nodejs\package.json
6 verbose readDependencies loading dependencies from C:\Program Files (x86)\nodejs\package.json
7 silly cache add args [ 'typescript', null ]
8 verbose cache add spec typescript
9 silly cache add parsed spec { raw: 'typescript',
9 silly cache add   scope: null,
9 silly cache add   name: 'typescript',
9 silly cache add   rawSpec: '',
9 silly cache add   spec: '*',
9 silly cache add   type: 'range' }
10 silly addNamed typescript@*
11 verbose addNamed "*" is a valid semver range for typescript
12 silly addNameRange { name: 'typescript', range: '*', hasData: false }
13 silly mapToRegistry name typescript
14 silly mapToRegistry using default registry
15 silly mapToRegistry registry https://registry.npmjs.org/
16 silly mapToRegistry uri https://registry.npmjs.org/typescript
17 verbose addNameRange registry:https://registry.npmjs.org/typescript not in flight; fetching
18 verbose request uri https://registry.npmjs.org/typescript
19 verbose request no auth needed
20 info attempt registry request try #1 at 13:05:03
21 verbose request id 33c0402a8d161e04
22 http request GET https://registry.npmjs.org/typescript
23 http 200 https://registry.npmjs.org/typescript
24 silly get cb [ 200,
24 silly get   { server: 'CouchDB/1.5.0 (Erlang OTP/R16B03)',
24 silly get     etag: '"C5VPP8KWPK6FMDDHM245Y94PA"',
24 silly get     'content-type': 'application/json',
24 silly get     'cache-control': 'max-age=60',
24 silly get     'content-length': '77955',
24 silly get     'accept-ranges': 'bytes',
24 silly get     date: 'Tue, 25 Aug 2015 11:05:04 GMT',
24 silly get     via: '1.1 varnish',
24 silly get     age: '0',
24 silly get     connection: 'keep-alive',
24 silly get     'x-served-by': 'cache-ams4145-AMS',
24 silly get     'x-cache': 'HIT',
24 silly get     'x-cache-hits': '1',
24 silly get     'x-timer': 'S1440500704.334662,VS0,VE95',
24 silly get     vary: 'Accept' } ]
25 verbose get saving typescript to d:\gebruikersgegevens\beeckmpi\AppData\Roaming\npm-cache\registry.npmjs.org\typescript\.cache.json
26 silly addNameRange number 2 { name: 'typescript', range: '*', hasData: true }
27 silly addNameRange versions [ 'typescript',
27 silly addNameRange   [ '0.8.0',
27 silly addNameRange     '0.8.1',
27 silly addNameRange     '0.8.1-1',
27 silly addNameRange     '0.8.2',
27 silly addNameRange     '0.8.3',
27 silly addNameRange     '0.9.0',
27 silly addNameRange     '0.9.0-1',
27 silly addNameRange     '0.9.1',
27 silly addNameRange     '0.9.1-1',
27 silly addNameRange     '0.9.5',
27 silly addNameRange     '0.9.7',
27 silly addNameRange     '1.0.0',
27 silly addNameRange     '1.0.1',
27 silly addNameRange     '1.1.0-1',
27 silly addNameRange     '1.3.0',
27 silly addNameRange     '1.4.1',
27 silly addNameRange     '1.5.0-alpha',
27 silly addNameRange     '1.5.0-beta',
27 silly addNameRange     '1.5.3',
27 silly addNameRange     '1.6.0-dev.20150722.1',
27 silly addNameRange     '1.6.0-dev.20150723',
27 silly addNameRange     '1.6.0-dev.20150724',
27 silly addNameRange     '1.6.0-dev.20150725',
27 silly addNameRange     '1.6.0-dev.20150726',
27 silly addNameRange     '1.6.0-dev.20150727',
27 silly addNameRange     '1.6.0-dev.20150728',
27 silly addNameRange     '1.6.0-dev.20150729',
27 silly addNameRange     '1.6.0-dev.20150730',
27 silly addNameRange     '1.6.0-dev.20150731',
27 silly addNameRange     '1.6.0-dev.20150801',
27 silly addNameRange     '1.6.0-dev.20150802',
27 silly addNameRange     '1.6.0-dev.20150803',
27 silly addNameRange     '1.6.0-dev.20150804',
27 silly addNameRange     '1.6.0-dev.20150805',
27 silly addNameRange     '1.6.0-dev.20150806',
27 silly addNameRange     '1.6.0-dev.20150807',
27 silly addNameRange     '1.6.0-dev.20150808',
27 silly addNameRange     '1.6.0-dev.20150809',
27 silly addNameRange     '1.6.0-dev.20150810',
27 silly addNameRange     '1.6.0-dev.20150811',
27 silly addNameRange     '1.6.0-dev.20150812',
27 silly addNameRange     '1.6.0-dev.20150813',
27 silly addNameRange     '1.6.0-dev.20150814',
27 silly addNameRange     '1.6.0-dev.20150815',
27 silly addNameRange     '1.6.0-dev.20150816',
27 silly addNameRange     '1.6.0-dev.20150817',
27 silly addNameRange     '1.6.0-dev.20150818',
27 silly addNameRange     '1.6.0-dev.20150819',
27 silly addNameRange     '1.6.0-dev.20150820',
27 silly addNameRange     '1.6.0-dev.20150821',
27 silly addNameRange     '1.6.0-dev.20150822',
27 silly addNameRange     '1.6.0-dev.20150823',
27 silly addNameRange     '1.6.0-dev.20150824',
27 silly addNameRange     '1.6.0-dev.20150825' ] ]
28 silly addNamed typescript@1.5.3
29 verbose addNamed "1.5.3" is a plain semver version for typescript
30 silly mapToRegistry name typescript
31 silly mapToRegistry using default registry
32 silly mapToRegistry registry https://registry.npmjs.org/
33 silly mapToRegistry uri https://registry.npmjs.org/typescript
34 verbose addRemoteTarball https://registry.npmjs.org/typescript/-/typescript-1.5.3.tgz not in flight; adding
35 verbose addRemoteTarball [ 'https://registry.npmjs.org/typescript/-/typescript-1.5.3.tgz',
35 verbose addRemoteTarball   'ce35e55f75b7a8d0ed571b503bd0a57157e523f7' ]
36 info retry fetch attempt 1 at 13:05:04
37 info attempt registry request try #1 at 13:05:04
38 http fetch GET https://registry.npmjs.org/typescript/-/typescript-1.5.3.tgz
39 http fetch 200 https://registry.npmjs.org/typescript/-/typescript-1.5.3.tgz
40 silly fetchAndShaCheck shasum ce35e55f75b7a8d0ed571b503bd0a57157e523f7
41 verbose addTmpTarball C:\Users\beeckmpi\AppData\Local\Temp\npm-8652-d2c4698a\registry.npmjs.org\typescript\-\typescript-1.5.3.tgz not in flight; adding
42 verbose addTmpTarball already have metadata; skipping unpack for typescript@1.5.3
43 silly cache afterAdd typescript@1.5.3
44 verbose afterAdd d:\gebruikersgegevens\beeckmpi\AppData\Roaming\npm-cache\typescript\1.5.3\package\package.json not in flight; writing
45 verbose afterAdd d:\gebruikersgegevens\beeckmpi\AppData\Roaming\npm-cache\typescript\1.5.3\package\package.json written
46 silly install resolved [ { name: 'typescript',
46 silly install resolved     author: { name: 'Microsoft Corp.' },
46 silly install resolved     homepage: 'http://typescriptlang.org/',
46 silly install resolved     version: '1.5.3',
46 silly install resolved     licenses: [ [Object] ],
46 silly install resolved     description: 'TypeScript is a language for application scale JavaScript development',
46 silly install resolved     keywords: [ 'TypeScript', 'Microsoft', 'compiler', 'language', 'javascript' ],
46 silly install resolved     bugs: { url: 'https://github.com/Microsoft/TypeScript/issues' },
46 silly install resolved     repository:
46 silly install resolved      { type: 'git',
46 silly install resolved        url: 'git+https://github.com/Microsoft/TypeScript.git' },
46 silly install resolved     preferGlobal: true,
46 silly install resolved     main: './bin/typescript.js',
46 silly install resolved     bin: { tsc: './bin/tsc', tsserver: './bin/tsserver' },
46 silly install resolved     engines: { node: '>=0.8.0' },
46 silly install resolved     devDependencies:
46 silly install resolved      { jake: 'latest',
46 silly install resolved        mocha: 'latest',
46 silly install resolved        chai: 'latest',
46 silly install resolved        browserify: 'latest',
46 silly install resolved        istanbul: 'latest' },
46 silly install resolved     scripts: { test: 'jake runtests' },
46 silly install resolved     gitHead: 'a24aa6f57d281bafd3535f0f4c3f492364a8b4d6',
46 silly install resolved     _id: 'typescript@1.5.3',
46 silly install resolved     _shasum: 'ce35e55f75b7a8d0ed571b503bd0a57157e523f7',
46 silly install resolved     _from: 'typescript@*',
46 silly install resolved     _npmVersion: '2.11.3',
46 silly install resolved     _nodeVersion: '0.12.7',
46 silly install resolved     _npmUser: { name: 'typescript', email: 'typescript@microsoft.com' },
46 silly install resolved     dist:
46 silly install resolved      { shasum: 'ce35e55f75b7a8d0ed571b503bd0a57157e523f7',
46 silly install resolved        tarball: 'http://registry.npmjs.org/typescript/-/typescript-1.5.3.tgz' },
46 silly install resolved     maintainers: [ [Object] ],
46 silly install resolved     directories: {},
46 silly install resolved     _resolved: 'https://registry.npmjs.org/typescript/-/typescript-1.5.3.tgz' } ]
47 info install typescript@1.5.3 into C:\Program Files (x86)\nodejs
48 info installOne typescript@1.5.3
49 verbose installOne of typescript to C:\Program Files (x86)\nodejs not in flight; installing
50 verbose lock using d:\gebruikersgegevens\beeckmpi\AppData\Roaming\npm-cache\_locks\typescript-bb212d75b05de2ce.lock for C:\Program Files (x86)\nodejs\node_modules\typescript
51 silly install write writing typescript 1.5.3 to C:\Program Files (x86)\nodejs\node_modules\typescript
52 verbose unbuild node_modules\typescript
53 silly gentlyRm C:\Program Files (x86)\nodejs\node_modules\typescript is being purged from base C:\Program Files (x86)\nodejs
54 verbose gentlyRm don't care about contents; nuking C:\Program Files (x86)\nodejs\node_modules\typescript
55 verbose tar unpack d:\gebruikersgegevens\beeckmpi\AppData\Roaming\npm-cache\typescript\1.5.3\package.tgz
56 verbose tar unpacking to C:\Program Files (x86)\nodejs\node_modules\typescript
57 silly gentlyRm C:\Program Files (x86)\nodejs\node_modules\typescript is being purged
58 verbose gentlyRm don't care about contents; nuking C:\Program Files (x86)\nodejs\node_modules\typescript
59 silly gunzTarPerm modes [ '777', '666' ]
60 error tar.unpack untar error d:\gebruikersgegevens\beeckmpi\AppData\Roaming\npm-cache\typescript\1.5.3\package.tgz
61 verbose unlock done using d:\gebruikersgegevens\beeckmpi\AppData\Roaming\npm-cache\_locks\typescript-bb212d75b05de2ce.lock for C:\Program Files (x86)\nodejs\node_modules\typescript
62 verbose fstream_path C:\Program Files (x86)\nodejs\node_modules\typescript
63 verbose fstream_type Directory
64 verbose fstream_class DirWriter
65 verbose stack Error: EPERM, mkdir 'C:\Program Files (x86)\nodejs\node_modules\typescript'
66 verbose fstream_stack C:\Program Files (x86)\nodejs\node_modules\npm\node_modules\fstream\lib\dir-writer.js:36:23
66 verbose fstream_stack C:\Program Files (x86)\nodejs\node_modules\npm\node_modules\mkdirp\index.js:46:53
66 verbose fstream_stack Object.oncomplete (fs.js:107:15)
67 verbose cwd D:\nodejs\inventaris
68 error Windows_NT 6.1.7601
69 error argv "C:\\Program Files (x86)\\nodejs\\\\node.exe" "C:\\Program Files (x86)\\nodejs\\node_modules\\npm\\bin\\npm-cli.js" "install" "-g" "typescript"
70 error node v0.10.32
71 error npm  v2.8.3
72 error path C:\Program Files (x86)\nodejs\node_modules\typescript
73 error code EPERM
74 error errno 50
75 error Error: EPERM, mkdir 'C:\Program Files (x86)\nodejs\node_modules\typescript'
75 error  { [Error: EPERM, mkdir 'C:\Program Files (x86)\nodejs\node_modules\typescript']
75 error   errno: 50,
75 error   code: 'EPERM',
75 error   path: 'C:\\Program Files (x86)\\nodejs\\node_modules\\typescript',
75 error   fstream_type: 'Directory',
75 error   fstream_path: 'C:\\Program Files (x86)\\nodejs\\node_modules\\typescript',
75 error   fstream_class: 'DirWriter',
75 error   fstream_stack:
75 error    [ 'C:\\Program Files (x86)\\nodejs\\node_modules\\npm\\node_modules\\fstream\\lib\\dir-writer.js:36:23',
75 error      'C:\\Program Files (x86)\\nodejs\\node_modules\\npm\\node_modules\\mkdirp\\index.js:46:53',
75 error      'Object.oncomplete (fs.js:107:15)' ] }
76 error Please try running this command again as root/Administrator.
77 verbose exit [ 50, true ]
78 verbose unbuild node_modules\typescript
79 silly gentlyRm C:\Program Files (x86)\nodejs\node_modules\typescript is being purged from base C:\Program Files (x86)\nodejs
80 verbose gentlyRm don't care about contents; nuking C:\Program Files (x86)\nodejs\node_modules\typescript
